[INFO   | bf2_rename_map           | L90] 2025-05-19T03:03:21+0100: Wrote 230 float points, 1 string points, and 110                 temperature points. Total points: 341 | bf2_rename_map.py
[INFO   | bf2_rename_map           | L53] 2025-05-19T03:03:21+0100: Building points for timestamp: 2025-05-05 15:35:28+00:00 | bf2_rename_map.py
[INFO   | bf2_rename_map           | L54] 2025-05-19T03:03:21+0100: Total 377 variables observed. | bf2_rename_map.py
[INFO   | bf2_rename_map           | L90] 2025-05-19T03:03:21+0100: Wrote 230 float points, 1 string points, and 110                 temperature points. Total points: 341 | bf2_rename_map.py
[INFO   | bf2_rename_map           | L53] 2025-05-19T03:03:21+0100: Building points for timestamp: 2025-05-05 15:35:38+00:00 | bf2_rename_map.py
[INFO   | bf2_rename_map           | L54] 2025-05-19T03:03:21+0100: Total 377 variables observed. | bf2_rename_map.py
[INFO   | bf2_rename_map           | L90] 2025-05-19T03:03:21+0100: Wrote 230 float points, 1 string points, and 110                 temperature points. Total points: 341 | bf2_rename_map.py
[INFO   | bf2_rename_map           | L53] 2025-05-19T03:03:21+0100: Building points for timestamp: 2025-05-05 15:35:08+00:00 | bf2_rename_map.py
[INFO   | bf2_rename_map           | L54] 2025-05-19T03:03:21+0100: Total 377 variables observed. | bf2_rename_map.py
[INFO   | bf2_rename_map           | L90] 2025-05-19T03:03:21+0100: Wrote 230 float points, 1 string points, and 110                 temperature points. Total points: 341 | bf2_rename_map.py
[INFO   | bf2_rename_map           | L53] 2025-05-19T03:03:21+0100: Building points for timestamp: 2025-05-05 15:35:18+00:00 | bf2_rename_map.py
[INFO   | bf2_rename_map           | L54] 2025-05-19T03:03:21+0100: Total 377 variables observed. | bf2_rename_map.py
[INFO   | bf2_rename_map           | L90] 2025-05-19T03:03:21+0100: Wrote 230 float points, 1 string points, and 110                 temperature points. Total points: 341 | bf2_rename_map.py
[INFO   | bf2_rename_map           | L53] 2025-05-19T03:03:21+0100: Building points for timestamp: 2025-05-05 15:34:48+00:00 | bf2_rename_map.py
[INFO   | bf2_rename_map           | L54] 2025-05-19T03:03:21+0100: Total 377 variables observed. | bf2_rename_map.py
[INFO   | bf2_rename_map           | L90] 2025-05-19T03:03:21+0100: Wrote 230 float points, 1 string points, and 110                 temperature points. Total points: 341 | bf2_rename_map.py
[INFO   | bf2_rename_map           | L53] 2025-05-19T03:03:21+0100: Building points for timestamp: 2025-05-05 15:34:58+00:00 | bf2_rename_map.py
[INFO   | bf2_rename_map           | L54] 2025-05-19T03:03:21+0100: Total 377 variables observed. | bf2_rename_map.py
[INFO   | bf2_rename_map           | L90] 2025-05-19T03:03:21+0100: Wrote 230 float points, 1 string points, and 110                 temperature points. Total points: 341 | bf2_rename_map.py
[INFO   | bf2_rename_map           | L53] 2025-05-19T03:03:21+0100: Building points for timestamp: 2025-05-05 15:34:28+00:00 | bf2_rename_map.py
[INFO   | bf2_rename_map           | L54] 2025-05-19T03:03:21+0100: Total 377 variables observed. | bf2_rename_map.py
[INFO   | bf2_rename_map           | L90] 2025-05-19T03:03:21+0100: Wrote 230 float points, 1 string points, and 110                 temperature points. Total points: 341 | bf2_rename_map.py
[INFO   | bf2_rename_map           | L53] 2025-05-19T03:03:21+0100: Building points for timestamp: 2025-05-05 15:34:38+00:00 | bf2_rename_map.py
[INFO   | bf2_rename_map           | L54] 2025-05-19T03:03:21+0100: Total 377 variables observed. | bf2_rename_map.py
[INFO   | bf2_rename_map           | L90] 2025-05-19T03:03:21+0100: Wrote 230 float points, 1 string points, and 110                 temperature points. Total points: 341 | bf2_rename_map.py
[INFO   | bf2_rename_map           | L53] 2025-05-19T03:03:21+0100: Building points for timestamp: 2025-05-05 15:34:08+00:00 | bf2_rename_map.py
[INFO   | bf2_rename_map           | L54] 2025-05-19T03:03:21+0100: Total 377 variables observed. | bf2_rename_map.py
[INFO   | bf2_rename_map           | L90] 2025-05-19T03:03:21+0100: Wrote 230 float points, 1 string points, and 110                 temperature points. Total points: 341 | bf2_rename_map.py
[INFO   | bf2_rename_map           | L53] 2025-05-19T03:03:21+0100: Building points for timestamp: 2025-05-05 15:34:18+00:00 | bf2_rename_map.py
[INFO   | bf2_rename_map           | L54] 2025-05-19T03:03:21+0100: Total 377 variables observed. | bf2_rename_map.py
[INFO   | bf2_rename_map           | L90] 2025-05-19T03:03:21+0100: Wrote 230 float points, 1 string points, and 110                 temperature points. Total points: 341 | bf2_rename_map.py
[INFO   | bf2_rename_map           | L53] 2025-05-19T03:03:21+0100: Building points for timestamp: 2025-05-05 15:33:58+00:00 | bf2_rename_map.py
[INFO   | bf2_rename_map           | L54] 2025-05-19T03:03:21+0100: Total 377 variables observed. | bf2_rename_map.py
[INFO   | bf2_rename_map           | L90] 2025-05-19T03:03:21+0100: Wrote 229 float points, 2 string points, and 110                 temperature points. Total points: 341 | bf2_rename_map.py
[INFO   | write_to_file           | L52] 2025-05-19T03:03:29+0100: Wrote line protocol points to output\05-05-2025.txt | write_to_file.py
[INFO   | main           | L99] 2025-05-19T03:03:29+0100: Waiting 120s | main.py
[INFO   | main           | L96] 2025-05-19T03:07:05+0100: Processing date 10-01-2024 | main.py
[INFO   | api_client           | L45] 2025-05-19T03:08:01+0100: API response status code: 200 | api_client.py
[INFO   | bf2_rename_map           | L53] 2025-05-19T03:08:43+0100: Building points for timestamp: 2024-10-01 23:59:54+00:00 | bf2_rename_map.py
[INFO   | bf2_rename_map           | L54] 2025-05-19T03:08:43+0100: Total 377 variables observed. | bf2_rename_map.py
[INFO   | bf2_rename_map           | L90] 2025-05-19T03:08:43+0100: Wrote 231 float points, 0 string points, and 110                 temperature points. Total points: 341 | bf2_rename_map.py
[INFO   | influx_writer           | L20] 2025-05-19T03:08:43+0100: Writing to InfluxDB using influxdb_client_3 | influx_writer.py
[ERROR   | influx_writer           | L37] 2025-05-19T03:08:43+0100: Error writing to InfluxDB: (400)
Reason: Bad Request
HTTP response headers: HTTPHeaderDict({'Date': 'Mon, 19 May 2025 02:08:43 GMT', 'Content-Type': 'application/json', 'Content-Length': '278', 'Connection': 'keep-alive', 'influxdata-partial-write': 'true', 'trace-id': '7303ee2c23117441', 'trace-sampled': 'false', 'Strict-Transport-Security': 'max-age=31536000; includeSubDomains', 'X-Influxdb-Request-ID': 'b5392d067d3a94c3d9a575c2fd2d8d31', 'X-Influxdb-Build': 'Cloud'})
HTTP response body: {"code":"invalid","message":"partial write has occurred, errors encountered on line(s): line 14: table schema conflict - line has column 'hot_blast_temp_spare' of type iox::column_type::field::float but table 'process_params' has type iox::column_type::field::string","line":14}
 | influx_writer.py
[ERROR   | main           | L93] 2025-05-19T12:58:42+0100: Daily mode requires --date or --startdate/--enddate | main.py
